
=== 2026-07-01 00:16:28 Mac投稿 ===
From https://github.com/truthbodysalon-lab/note-auto
   d284393..747222d  main       -> origin/main
hint: You have divergent branches and need to specify how to reconcile them.
hint: You can do so by running one of the following commands sometime before
hint: your next pull:
hint:
hint:   git config pull.rebase false  # merge
hint:   git config pull.rebase true   # rebase
hint:   git config pull.ff only       # fast-forward only
hint:
hint: You can replace "git config" with "git config --global" to set a default
hint: preference for all repositories. You can also pass --rebase, --no-rebase,
hint: or --ff-only on the command line to override the configured default per
hint: invocation.
fatal: Need to specify how to reconcile divergent branches.
[seitai] 未投稿:0 / 済み:0
[seitai] 新規なし。終了
[consul] 未投稿:0 / 済み:0
[consul] 新規なし。終了
=== 完了 ===
